
Cell OAI21X1 disconnected node: A
Cell OAI21X1 disconnected node: B
Cell OAI21X1 disconnected node: C
Cell OAI21X1 disconnected node: gnd
Cell OAI21X1 disconnected node: Y
Cell OAI21X1 disconnected node: vdd

Subcircuit pins:
Circuit 1: OAI21X1                         |Circuit 2: OAI21X1                         
-------------------------------------------|-------------------------------------------
A                                          |A                                          
B                                          |B                                          
C                                          |C                                          
gnd                                        |gnd                                        
Y                                          |Y                                          
vdd                                        |vdd                                        
---------------------------------------------------------------------------------------
Cell pin lists are equivalent.
Device classes OAI21X1 and OAI21X1 are equivalent.

Cell INVX1 disconnected node: A
Cell INVX1 disconnected node: gnd
Cell INVX1 disconnected node: Y
Cell INVX1 disconnected node: vdd

Subcircuit pins:
Circuit 1: INVX1                           |Circuit 2: INVX1                           
-------------------------------------------|-------------------------------------------
A                                          |A                                          
gnd                                        |gnd                                        
Y                                          |Y                                          
vdd                                        |vdd                                        
---------------------------------------------------------------------------------------
Cell pin lists are equivalent.
Device classes INVX1 and INVX1 are equivalent.

Cell NAND2X1 disconnected node: A
Cell NAND2X1 disconnected node: B
Cell NAND2X1 disconnected node: gnd
Cell NAND2X1 disconnected node: Y
Cell NAND2X1 disconnected node: vdd

Subcircuit pins:
Circuit 1: NAND2X1                         |Circuit 2: NAND2X1                         
-------------------------------------------|-------------------------------------------
A                                          |A                                          
B                                          |B                                          
gnd                                        |gnd                                        
Y                                          |Y                                          
vdd                                        |vdd                                        
---------------------------------------------------------------------------------------
Cell pin lists are equivalent.
Device classes NAND2X1 and NAND2X1 are equivalent.

Cell DFFSR disconnected node: Q
Cell DFFSR disconnected node: CLK
Cell DFFSR disconnected node: R
Cell DFFSR disconnected node: S
Cell DFFSR disconnected node: D
Cell DFFSR disconnected node: gnd
Cell DFFSR disconnected node: vdd

Subcircuit pins:
Circuit 1: DFFSR                           |Circuit 2: DFFSR                           
-------------------------------------------|-------------------------------------------
Q                                          |Q                                          
CLK                                        |CLK                                        
R                                          |R                                          
S                                          |S                                          
D                                          |D                                          
gnd                                        |gnd                                        
vdd                                        |vdd                                        
---------------------------------------------------------------------------------------
Cell pin lists are equivalent.
Device classes DFFSR and DFFSR are equivalent.

Cell AOI21X1 disconnected node: A
Cell AOI21X1 disconnected node: B
Cell AOI21X1 disconnected node: C
Cell AOI21X1 disconnected node: gnd
Cell AOI21X1 disconnected node: Y
Cell AOI21X1 disconnected node: vdd

Subcircuit pins:
Circuit 1: AOI21X1                         |Circuit 2: AOI21X1                         
-------------------------------------------|-------------------------------------------
A                                          |A                                          
B                                          |B                                          
C                                          |C                                          
gnd                                        |gnd                                        
Y                                          |Y                                          
vdd                                        |vdd                                        
---------------------------------------------------------------------------------------
Cell pin lists are equivalent.
Device classes AOI21X1 and AOI21X1 are equivalent.

Cell BUFX2 disconnected node: A
Cell BUFX2 disconnected node: gnd
Cell BUFX2 disconnected node: Y
Cell BUFX2 disconnected node: vdd

Subcircuit pins:
Circuit 1: BUFX2                           |Circuit 2: BUFX2                           
-------------------------------------------|-------------------------------------------
A                                          |A                                          
gnd                                        |gnd                                        
Y                                          |Y                                          
vdd                                        |vdd                                        
---------------------------------------------------------------------------------------
Cell pin lists are equivalent.
Device classes BUFX2 and BUFX2 are equivalent.

Cell NOR2X1 disconnected node: A
Cell NOR2X1 disconnected node: B
Cell NOR2X1 disconnected node: gnd
Cell NOR2X1 disconnected node: Y
Cell NOR2X1 disconnected node: vdd

Subcircuit pins:
Circuit 1: NOR2X1                          |Circuit 2: NOR2X1                          
-------------------------------------------|-------------------------------------------
A                                          |A                                          
B                                          |B                                          
gnd                                        |gnd                                        
Y                                          |Y                                          
vdd                                        |vdd                                        
---------------------------------------------------------------------------------------
Cell pin lists are equivalent.
Device classes NOR2X1 and NOR2X1 are equivalent.

Cell AND2X2 disconnected node: A
Cell AND2X2 disconnected node: B
Cell AND2X2 disconnected node: gnd
Cell AND2X2 disconnected node: Y
Cell AND2X2 disconnected node: vdd

Subcircuit pins:
Circuit 1: AND2X2                          |Circuit 2: AND2X2                          
-------------------------------------------|-------------------------------------------
A                                          |A                                          
B                                          |B                                          
gnd                                        |gnd                                        
Y                                          |Y                                          
vdd                                        |vdd                                        
---------------------------------------------------------------------------------------
Cell pin lists are equivalent.
Device classes AND2X2 and AND2X2 are equivalent.

Cell INVX8 disconnected node: A
Cell INVX8 disconnected node: gnd
Cell INVX8 disconnected node: Y
Cell INVX8 disconnected node: vdd

Subcircuit pins:
Circuit 1: INVX8                           |Circuit 2: INVX8                           
-------------------------------------------|-------------------------------------------
A                                          |A                                          
gnd                                        |gnd                                        
Y                                          |Y                                          
vdd                                        |vdd                                        
---------------------------------------------------------------------------------------
Cell pin lists are equivalent.
Device classes INVX8 and INVX8 are equivalent.

Cell XNOR2X1 disconnected node: A
Cell XNOR2X1 disconnected node: B
Cell XNOR2X1 disconnected node: gnd
Cell XNOR2X1 disconnected node: Y
Cell XNOR2X1 disconnected node: vdd

Subcircuit pins:
Circuit 1: XNOR2X1                         |Circuit 2: XNOR2X1                         
-------------------------------------------|-------------------------------------------
A                                          |A                                          
B                                          |B                                          
gnd                                        |gnd                                        
Y                                          |Y                                          
vdd                                        |vdd                                        
---------------------------------------------------------------------------------------
Cell pin lists are equivalent.
Device classes XNOR2X1 and XNOR2X1 are equivalent.

Cell NAND3X1 disconnected node: A
Cell NAND3X1 disconnected node: B
Cell NAND3X1 disconnected node: C
Cell NAND3X1 disconnected node: gnd
Cell NAND3X1 disconnected node: Y
Cell NAND3X1 disconnected node: vdd

Subcircuit pins:
Circuit 1: NAND3X1                         |Circuit 2: NAND3X1                         
-------------------------------------------|-------------------------------------------
A                                          |A                                          
B                                          |B                                          
C                                          |C                                          
gnd                                        |gnd                                        
Y                                          |Y                                          
vdd                                        |vdd                                        
---------------------------------------------------------------------------------------
Cell pin lists are equivalent.
Device classes NAND3X1 and NAND3X1 are equivalent.

Cell MUX2X1 disconnected node: A
Cell MUX2X1 disconnected node: B
Cell MUX2X1 disconnected node: S
Cell MUX2X1 disconnected node: gnd
Cell MUX2X1 disconnected node: Y
Cell MUX2X1 disconnected node: vdd

Subcircuit pins:
Circuit 1: MUX2X1                          |Circuit 2: MUX2X1                          
-------------------------------------------|-------------------------------------------
A                                          |A                                          
B                                          |B                                          
S                                          |S                                          
gnd                                        |gnd                                        
Y                                          |Y                                          
vdd                                        |vdd                                        
---------------------------------------------------------------------------------------
Cell pin lists are equivalent.
Device classes MUX2X1 and MUX2X1 are equivalent.

Cell OAI22X1 disconnected node: A
Cell OAI22X1 disconnected node: B
Cell OAI22X1 disconnected node: C
Cell OAI22X1 disconnected node: D
Cell OAI22X1 disconnected node: gnd
Cell OAI22X1 disconnected node: Y
Cell OAI22X1 disconnected node: vdd

Subcircuit pins:
Circuit 1: OAI22X1                         |Circuit 2: OAI22X1                         
-------------------------------------------|-------------------------------------------
A                                          |A                                          
B                                          |B                                          
C                                          |C                                          
D                                          |D                                          
gnd                                        |gnd                                        
Y                                          |Y                                          
vdd                                        |vdd                                        
---------------------------------------------------------------------------------------
Cell pin lists are equivalent.
Device classes OAI22X1 and OAI22X1 are equivalent.

Cell INVX2 disconnected node: A
Cell INVX2 disconnected node: gnd
Cell INVX2 disconnected node: Y
Cell INVX2 disconnected node: vdd

Subcircuit pins:
Circuit 1: INVX2                           |Circuit 2: INVX2                           
-------------------------------------------|-------------------------------------------
A                                          |A                                          
gnd                                        |gnd                                        
Y                                          |Y                                          
vdd                                        |vdd                                        
---------------------------------------------------------------------------------------
Cell pin lists are equivalent.
Device classes INVX2 and INVX2 are equivalent.

Cell XOR2X1 disconnected node: A
Cell XOR2X1 disconnected node: B
Cell XOR2X1 disconnected node: gnd
Cell XOR2X1 disconnected node: Y
Cell XOR2X1 disconnected node: vdd

Subcircuit pins:
Circuit 1: XOR2X1                          |Circuit 2: XOR2X1                          
-------------------------------------------|-------------------------------------------
A                                          |A                                          
B                                          |B                                          
gnd                                        |gnd                                        
Y                                          |Y                                          
vdd                                        |vdd                                        
---------------------------------------------------------------------------------------
Cell pin lists are equivalent.
Device classes XOR2X1 and XOR2X1 are equivalent.

Cell INVX4 disconnected node: A
Cell INVX4 disconnected node: gnd
Cell INVX4 disconnected node: Y
Cell INVX4 disconnected node: vdd

Subcircuit pins:
Circuit 1: INVX4                           |Circuit 2: INVX4                           
-------------------------------------------|-------------------------------------------
A                                          |A                                          
gnd                                        |gnd                                        
Y                                          |Y                                          
vdd                                        |vdd                                        
---------------------------------------------------------------------------------------
Cell pin lists are equivalent.
Device classes INVX4 and INVX4 are equivalent.

Cell OR2X2 disconnected node: A
Cell OR2X2 disconnected node: B
Cell OR2X2 disconnected node: gnd
Cell OR2X2 disconnected node: Y
Cell OR2X2 disconnected node: vdd

Subcircuit pins:
Circuit 1: OR2X2                           |Circuit 2: OR2X2                           
-------------------------------------------|-------------------------------------------
A                                          |A                                          
B                                          |B                                          
gnd                                        |gnd                                        
Y                                          |Y                                          
vdd                                        |vdd                                        
---------------------------------------------------------------------------------------
Cell pin lists are equivalent.
Device classes OR2X2 and OR2X2 are equivalent.

Cell CLKBUF1 disconnected node: A
Cell CLKBUF1 disconnected node: gnd
Cell CLKBUF1 disconnected node: Y
Cell CLKBUF1 disconnected node: vdd

Subcircuit pins:
Circuit 1: CLKBUF1                         |Circuit 2: CLKBUF1                         
-------------------------------------------|-------------------------------------------
A                                          |A                                          
gnd                                        |gnd                                        
Y                                          |Y                                          
vdd                                        |vdd                                        
---------------------------------------------------------------------------------------
Cell pin lists are equivalent.
Device classes CLKBUF1 and CLKBUF1 are equivalent.

Subcircuit summary:
Circuit 1: map9v3                          |Circuit 2: map9v3                          
-------------------------------------------|-------------------------------------------
BUFX2 (39)                                 |BUFX2 (39)                                 
NAND2X1 (11)                               |NAND2X1 (11)                               
INVX1 (28)                                 |INVX1 (29) **Mismatch**                    
NOR2X1 (16)                                |NOR2X1 (16)                                
DFFSR (33)                                 |DFFSR (33)                                 
XNOR2X1 (3)                                |XNOR2X1 (3)                                
NAND3X1 (7)                                |NAND3X1 (7)                                
OR2X2 (1)                                  |OR2X2 (1)                                  
INVX8 (2)                                  |INVX8 (2)                                  
AND2X2 (7)                                 |AND2X2 (7)                                 
AOI21X1 (14)                               |AOI21X1 (14)                               
OAI21X1 (26)                               |OAI21X1 (26)                               
CLKBUF1 (5)                                |CLKBUF1 (5)                                
MUX2X1 (7)                                 |MUX2X1 (7)                                 
XOR2X1 (3)                                 |XOR2X1 (3)                                 
INVX2 (1)                                  |INVX2 (1)                                  
OAI22X1 (1)                                |OAI22X1 (1)                                
INVX4 (1)                                  |INVX4 (1)                                  
Number of devices: 205 **Mismatch**        |Number of devices: 206 **Mismatch**        
Number of nets: 220                        |Number of nets: 220                        
---------------------------------------------------------------------------------------
NET mismatches: Class fragments follow (with fanout counts):
Circuit 1: map9v3                          |Circuit 2: map9v3                          

---------------------------------------------------------------------------------------
Net: gnd                                   |Net: dp[0]                                 
  BUFX2/gnd = 39                           |  BUFX2/Y = 1                              
  NAND2X1/gnd = 11                         |                                           
  INVX1/gnd = 28                           |                                           
  NOR2X1/gnd = 16                          |                                           
  DFFSR/gnd = 33                           |                                           
  XNOR2X1/gnd = 3                          |                                           
  NAND3X1/gnd = 7                          |                                           
  OR2X2/gnd = 1                            |                                           
  INVX8/gnd = 2                            |                                           
  AND2X2/gnd = 7                           |                                           
  AOI21X1/gnd = 14                         |                                           
  OAI21X1/gnd = 26                         |                                           
  CLKBUF1/gnd = 5                          |                                           
  MUX2X1/gnd = 7                           |                                           
  XOR2X1/gnd = 3                           |                                           
  INVX2/gnd = 1                            |                                           
  OAI22X1/gnd = 1                          |                                           
  INVX4/gnd = 1                            |                                           
                                           |                                           
Net: dp[0]                                 |Net: _109_[0]                              
  BUFX2/Y = 1                              |  BUFX2/A = 1                              
                                           |  INVX1/A = 1                              
                                           |  DFFSR/Q = 1                              
                                           |                                           
Net: _151_/Y                               |Net: gnd                                   
  AOI21X1/A = 1                            |  OAI21X1/gnd = 26                         
                                           |  INVX1/gnd = 29                           
                                           |  NAND2X1/gnd = 11                         
                                           |  DFFSR/gnd = 33                           
                                           |  AOI21X1/gnd = 14                         
                                           |  BUFX2/gnd = 39                           
                                           |  NOR2X1/gnd = 16                          
                                           |  AND2X2/gnd = 7                           
                                           |  INVX8/gnd = 2                            
                                           |  XNOR2X1/gnd = 3                          
                                           |  NAND3X1/gnd = 7                          
                                           |  MUX2X1/gnd = 7                           
                                           |  OAI22X1/gnd = 1                          
                                           |  INVX2/gnd = 1                            
                                           |  XOR2X1/gnd = 3                           
                                           |  INVX4/gnd = 1                            
                                           |  OR2X2/gnd = 1                            
                                           |  CLKBUF1/gnd = 5                          
                                           |                                           
Net: vdd                                   |Net: vdd                                   
  BUFX2/vdd = 39                           |  OAI21X1/vdd = 26                         
  NAND2X1/vdd = 11                         |  INVX1/vdd = 29                           
  INVX1/vdd = 28                           |  NAND2X1/vdd = 11                         
  NOR2X1/vdd = 16                          |  DFFSR/S = 32                             
  DFFSR/S = 32                             |  DFFSR/vdd = 33                           
  DFFSR/vdd = 33                           |  AOI21X1/vdd = 14                         
  XNOR2X1/vdd = 3                          |  BUFX2/vdd = 39                           
  NAND3X1/vdd = 7                          |  NOR2X1/vdd = 16                          
  OR2X2/vdd = 1                            |  AND2X2/vdd = 7                           
  INVX8/vdd = 2                            |  INVX8/vdd = 2                            
  AND2X2/vdd = 7                           |  XNOR2X1/vdd = 3                          
  AOI21X1/vdd = 14                         |  NAND3X1/vdd = 7                          
  OAI21X1/vdd = 26                         |  MUX2X1/vdd = 7                           
  CLKBUF1/vdd = 5                          |  OAI22X1/vdd = 1                          
  MUX2X1/vdd = 7                           |  INVX2/vdd = 1                            
  XOR2X1/vdd = 3                           |  XOR2X1/vdd = 3                           
  INVX2/vdd = 1                            |  INVX4/vdd = 1                            
  DFFSR/R = 1                              |  OR2X2/vdd = 1                            
  OAI22X1/vdd = 1                          |  DFFSR/R = 1                              
  INVX4/vdd = 1                            |  CLKBUF1/vdd = 5                          
---------------------------------------------------------------------------------------

---------------------------------------------------------------------------------------
Net: _246_/R                               |Net: clock_bF$buf0                         
  BUFX2/Y = 1                              |  DFFSR/CLK = 6                            
  DFFSR/R = 6                              |  CLKBUF1/Y = 1                            
                                           |                                           
Net: _266_/CLK                             |Net: _8__bF$buf1                           
  DFFSR/CLK = 6                            |  DFFSR/R = 6                              
  CLKBUF1/Y = 1                            |  BUFX2/Y = 1                              
---------------------------------------------------------------------------------------

---------------------------------------------------------------------------------------
Net: _152_/Y                               |Net: _19_                                  
  AOI21X1/C = 1                            |  AOI21X1/A = 1                            
  NOR2X1/Y = 1                             |  INVX1/Y = 1                              
                                           |                                           
Net: _153_/Y                               |Net: _20_                                  
  DFFSR/D = 1                              |  AOI21X1/C = 1                            
  AOI21X1/Y = 1                            |  NOR2X1/Y = 1                             
                                           |                                           
Net: _245_/Q                               |Net: _2_[0]                                
  BUFX2/A = 1                              |  AOI21X1/Y = 1                            
  DFFSR/Q = 1                              |  DFFSR/D = 1                              
---------------------------------------------------------------------------------------

---------------------------------------------------------------------------------------
Net: _144_/S                               |Net: _101_                                 
  MUX2X1/S = 7                             |  NAND2X1/Y = 1                            
  AOI21X1/B = 2                            |  AOI21X1/B = 2                            
  NOR2X1/B = 2                             |  MUX2X1/S = 7                             
  NAND2X1/Y = 1                            |  NOR2X1/B = 2                             
---------------------------------------------------------------------------------------
DEVICE mismatches: Class fragments follow (with node fanout counts):
Circuit 1: map9v3                          |Circuit 2: map9v3                          

---------------------------------------------------------------------------------------
(no matching instance)                     |Instance: INVX1_151_                       
                                           |  A = 3                                    
                                           |  gnd = 206                                
                                           |  Y = 2                                    
                                           |  vdd = 239                                
---------------------------------------------------------------------------------------

---------------------------------------------------------------------------------------
Instance: AOI21X1_153_                     |Instance: AOI21X1_153_                     
  A = 1                                    |  A = 2                                    
  B = 12                                   |  B = 12                                   
  C = 2                                    |  C = 2                                    
  gnd = 205                                |  gnd = 206                                
  Y = 2                                    |  Y = 2                                    
  vdd = 238                                |  vdd = 239                                
---------------------------------------------------------------------------------------

---------------------------------------------------------------------------------------
Instance: DFFSR_245_                       |Instance: DFFSR_245_                       
  Q = 2                                    |  Q = 3                                    
  CLK = 7                                  |  CLK = 7                                  
  R = 7                                    |  R = 7                                    
  S = 238                                  |  S = 239                                  
  D = 2                                    |  D = 2                                    
  gnd = 205                                |  gnd = 206                                
  vdd = 238                                |  vdd = 239                                
---------------------------------------------------------------------------------------

---------------------------------------------------------------------------------------
Instance: BUFX2_282_                       |Instance: BUFX2_282_                       
  A = 2                                    |  A = 3                                    
  gnd = 205                                |  gnd = 206                                
  Y = 1                                    |  Y = 1                                    
  vdd = 238                                |  vdd = 239                                
---------------------------------------------------------------------------------------
Netlists do not match.
Netlists do not match.
